\BOOKMARK [1][-]{section.1}{\376\377\000N\000e\000u\000t\000r\000i\000n\000o\000s}{}% 1
\BOOKMARK [2][-]{subsection.1.1}{\376\377\000N\000e\000u\000t\000r\000i\000n\000o\000s\000\040\000i\000n\000\040\000t\000h\000e\000\040\000S\000t\000a\000n\000d\000a\000r\000d\000\040\000M\000o\000d\000e\000l}{section.1}% 2
\BOOKMARK [2][-]{subsection.1.2}{\376\377\000N\000e\000u\000t\000r\000i\000n\000o\000\040\000O\000s\000c\000i\000l\000l\000a\000t\000i\000o\000n\000s}{section.1}% 3
\BOOKMARK [2][-]{subsection.1.3}{\376\377\000N\000e\000u\000t\000r\000i\000n\000o\000\040\000S\000o\000u\000r\000c\000e\000s}{section.1}% 4
\BOOKMARK [3][-]{subsubsection.1.3.1}{\376\377\000S\000o\000l\000a\000r\000\040\000N\000e\000u\000t\000r\000i\000n\000o\000s}{subsection.1.3}% 5
\BOOKMARK [3][-]{subsubsection.1.3.2}{\376\377\000R\000e\000a\000c\000t\000o\000r\000\040\000N\000e\000u\000t\000r\000i\000n\000o\000s}{subsection.1.3}% 6
\BOOKMARK [3][-]{subsubsection.1.3.3}{\376\377\000A\000c\000c\000e\000l\000e\000r\000a\000t\000o\000r\000\040\000N\000e\000u\000t\000r\000i\000n\000o\000s}{subsection.1.3}% 7
\BOOKMARK [3][-]{subsubsection.1.3.4}{\376\377\000A\000t\000m\000o\000s\000p\000h\000e\000r\000i\000c\000\040\000N\000e\000u\000t\000r\000i\000n\000o\000s}{subsection.1.3}% 8
\BOOKMARK [2][-]{subsection.1.4}{\376\377\000N\000e\000u\000t\000r\000i\000n\000o\000\040\000O\000s\000c\000i\000l\000l\000a\000t\000i\000o\000n\000s\000\040\000i\000n\000\040\000M\000a\000t\000t\000e\000r}{section.1}% 9
\BOOKMARK [3][-]{subsubsection.1.4.1}{\376\377\000T\000h\000e\000\040\000M\000S\000W\000\040\000E\000f\000f\000e\000c\000t}{subsection.1.4}% 10
\BOOKMARK [3][-]{subsubsection.1.4.2}{\376\377\000N\000e\000u\000t\000r\000i\000n\000o\000\040\000M\000a\000s\000s\000\040\000O\000r\000d\000e\000r\000i\000n\000g}{subsection.1.4}% 11
\BOOKMARK [3][-]{subsubsection.1.4.3}{\376\377\000O\000s\000c\000i\000l\000l\000a\000t\000i\000o\000n\000\040\000A\000n\000o\000m\000a\000l\000i\000e\000s}{subsection.1.4}% 12
\BOOKMARK [3][-]{subsubsection.1.4.4}{\376\377\000A\000t\000m\000o\000s\000p\000h\000e\000r\000i\000c\000\040\000N\000e\000u\000t\000r\000i\000n\000o\000s\000\040\000a\000n\000d\000\040\000P\000r\000o\000d\000u\000c\000t\000i\000o\000n}{subsection.1.4}% 13
\BOOKMARK [2][-]{subsection.1.5}{\376\377\000N\000e\000u\000t\000r\000i\000n\000o\000\040\000O\000s\000c\000i\000l\000l\000a\000t\000i\000o\000n\000\040\000A\000n\000o\000m\000a\000l\000i\000e\000s}{section.1}% 14
\BOOKMARK [3][-]{subsubsection.1.5.1}{\376\377\000L\000S\000N\000D\000\040\000A\000n\000o\000m\000a\000l\000y}{subsection.1.5}% 15
\BOOKMARK [3][-]{subsubsection.1.5.2}{\376\377\000M\000i\000n\000i\000B\000o\000o\000N\000E\000\040\000A\000n\000o\000m\000a\000l\000y}{subsection.1.5}% 16
\BOOKMARK [3][-]{subsubsection.1.5.3}{\376\377\000R\000e\000a\000c\000t\000o\000r\000\040\000A\000n\000t\000i\000n\000e\000u\000t\000r\000i\000n\000o\000\040\000A\000n\000o\000m\000a\000l\000y}{subsection.1.5}% 17
\BOOKMARK [3][-]{subsubsection.1.5.4}{\376\377\000G\000a\000l\000l\000i\000u\000m\000\040\000A\000n\000o\000m\000a\000l\000y}{subsection.1.5}% 18
\BOOKMARK [1][-]{section.2}{\376\377\000S\000t\000e\000r\000i\000l\000e\000\040\000N\000e\000u\000t\000r\000i\000n\000o\000s}{}% 19
\BOOKMARK [2][-]{subsection.2.1}{\376\377\000T\000h\000e\000\040\0003\000+\0001\000\040\000N\000e\000u\000t\000r\000i\000n\000o\000\040\000M\000o\000d\000e\000l}{section.2}% 20
\BOOKMARK [2][-]{subsection.2.2}{\376\377\000N\000e\000u\000t\000r\000i\000n\000o\000\040\000M\000a\000s\000s\000\040\000G\000e\000n\000e\000r\000a\000t\000i\000o\000n}{section.2}% 21
\BOOKMARK [2][-]{subsection.2.3}{\376\377\000S\000e\000e\000s\000a\000w\000\040\000M\000e\000c\000h\000a\000n\000i\000s\000m}{section.2}% 22
\BOOKMARK [2][-]{subsection.2.4}{\376\377\000R\000a\000d\000i\000a\000t\000i\000v\000e\000\040\000M\000e\000c\000h\000a\000n\000i\000s\000m\000s}{section.2}% 23
\BOOKMARK [2][-]{subsection.2.5}{\376\377\000S\000t\000e\000r\000i\000l\000e\000\040\000N\000e\000u\000t\000r\000i\000n\000o\000\040\000i\000n\000\040\000t\000h\000e\000\040\0003\000+\0001\000\040\000M\000o\000d\000e\000l}{section.2}% 24
\BOOKMARK [2][-]{subsection.2.6}{\376\377\000T\000h\000e\000\040\000E\000x\000p\000a\000n\000d\000e\000d\000\040\000P\000M\000N\000S\000\040\000M\000a\000t\000r\000i\000x}{section.2}% 25
\BOOKMARK [2][-]{subsection.2.7}{\376\377\000C\000u\000r\000r\000e\000n\000t\000\040\000C\000o\000n\000s\000t\000r\000a\000i\000n\000t\000s\000\040\000o\000n\000\040\000S\000t\000e\000r\000i\000l\000e\000\040\000N\000e\000u\000t\000r\000i\000n\000o\000s}{section.2}% 26
\BOOKMARK [2][-]{subsection.2.8}{\376\377\000S\000t\000e\000r\000i\000l\000e\000\040\000N\000e\000u\000t\000r\000i\000n\000o\000\040\000O\000s\000c\000i\000l\000l\000a\000t\000i\000o\000n\000s}{section.2}% 27
\BOOKMARK [2][-]{subsection.2.9}{\376\377\000S\000t\000e\000r\000i\000l\000e\000\040\000N\000e\000u\000t\000r\000i\000n\000o\000s\000\040\000a\000n\000d\000\040\000M\000a\000t\000t\000e\000r\000\040\000E\000f\000f\000e\000c\000t\000s}{section.2}% 28
\BOOKMARK [1][-]{section.3}{\376\377\000R\000e\000f\000e\000r\000e\000n\000c\000e\000s}{}% 29
